2022-11-06 21:00:14 DEBUG InternalLoggerFactory:89 - Using Log4J as the default logging framework
2022-11-06 21:00:14 DEBUG ResourceLeakDetector:129 - -Dio.netty.leakDetection.level: simple
2022-11-06 21:00:14 DEBUG ResourceLeakDetector:130 - -Dio.netty.leakDetection.targetRecords: 4
2022-11-06 21:00:14 DEBUG ResourceLeakDetectorFactory:196 - Loaded default ResourceLeakDetector: io.netty.util.ResourceLeakDetector@8d802dd
2022-11-06 21:00:14 DEBUG PlatformDependent0:495 - -Dio.netty.noUnsafe: false
2022-11-06 21:00:14 DEBUG PlatformDependent0:998 - Java version: 16
2022-11-06 21:00:14 DEBUG PlatformDependent0:136 - sun.misc.Unsafe.theUnsafe: available
2022-11-06 21:00:14 DEBUG PlatformDependent0:160 - sun.misc.Unsafe.copyMemory: available
2022-11-06 21:00:14 DEBUG PlatformDependent0:192 - sun.misc.Unsafe.storeFence: available
2022-11-06 21:00:14 DEBUG PlatformDependent0:235 - java.nio.Buffer.address: available
2022-11-06 21:00:14 DEBUG PlatformDependent0:319 - direct buffer constructor: unavailable: Reflective setAccessible(true) disabled
2022-11-06 21:00:14 DEBUG PlatformDependent0:384 - java.nio.Bits.unaligned: available, true
2022-11-06 21:00:14 DEBUG PlatformDependent0:451 - jdk.internal.misc.Unsafe.allocateUninitializedArray(int): unavailable: class io.netty.util.internal.PlatformDependent0$7 cannot access class jdk.internal.misc.Unsafe (in module java.base) because module java.base does not export jdk.internal.misc to unnamed module @3d71d552
2022-11-06 21:00:14 DEBUG PlatformDependent0:481 - java.nio.DirectByteBuffer.<init>(long, int): unavailable
2022-11-06 21:00:14 DEBUG PlatformDependent:1159 - sun.misc.Unsafe: available
2022-11-06 21:00:14 DEBUG PlatformDependent:1270 - maxDirectMemory: 4282384384 bytes (maybe)
2022-11-06 21:00:14 DEBUG PlatformDependent:1289 - -Dio.netty.tmpdir: C:\Users\Sri\AppData\Local\Temp (java.io.tmpdir)
2022-11-06 21:00:14 DEBUG PlatformDependent:1368 - -Dio.netty.bitMode: 64 (sun.arch.data.model)
2022-11-06 21:00:14 DEBUG PlatformDependent:1119 - Platform: Windows
2022-11-06 21:00:14 DEBUG PlatformDependent:178 - -Dio.netty.maxDirectMemory: -1 bytes
2022-11-06 21:00:14 DEBUG PlatformDependent:185 - -Dio.netty.uninitializedArrayAllocationThreshold: -1
2022-11-06 21:00:14 DEBUG CleanerJava9:71 - java.nio.ByteBuffer.cleaner(): available
2022-11-06 21:00:14 DEBUG PlatformDependent:205 - -Dio.netty.noPreferDirect: false
2022-11-06 21:00:14 DEBUG PlatformDependent:1010 - org.jctools-core.MpscChunkedArrayQueue: available
2022-11-06 21:00:14 DEBUG InternalThreadLocalMap:86 - -Dio.netty.threadLocalMap.stringBuilder.initialSize: 1024
2022-11-06 21:00:14 DEBUG InternalThreadLocalMap:89 - -Dio.netty.threadLocalMap.stringBuilder.maxSize: 4096
2022-11-06 21:00:14 DEBUG JdkSslContext:83 - Default protocols (JDK): [TLSv1.3, TLSv1.2] 
2022-11-06 21:00:14 DEBUG JdkSslContext:84 - Default cipher suites (JDK): [TLS_ECDHE_ECDSA_WITH_AES_256_GCM_SHA384, TLS_ECDHE_ECDSA_WITH_AES_128_GCM_SHA256, TLS_ECDHE_RSA_WITH_AES_128_GCM_SHA256, TLS_ECDHE_RSA_WITH_AES_256_GCM_SHA384, TLS_ECDHE_RSA_WITH_AES_128_CBC_SHA, TLS_ECDHE_RSA_WITH_AES_256_CBC_SHA, TLS_RSA_WITH_AES_128_GCM_SHA256, TLS_RSA_WITH_AES_128_CBC_SHA, TLS_RSA_WITH_AES_256_CBC_SHA, TLS_AES_128_GCM_SHA256, TLS_AES_256_GCM_SHA384]
2022-11-06 21:00:14 DEBUG MultithreadEventLoopGroup:44 - -Dio.netty.eventLoopThreads: 8
2022-11-06 21:00:14 DEBUG NioEventLoop:109 - -Dio.netty.noKeySetOptimization: false
2022-11-06 21:00:14 DEBUG NioEventLoop:110 - -Dio.netty.selectorAutoRebuildThreshold: 512
2022-11-06 21:00:14 DEBUG PooledByteBufAllocator:157 - -Dio.netty.allocator.numHeapArenas: 8
2022-11-06 21:00:14 DEBUG PooledByteBufAllocator:158 - -Dio.netty.allocator.numDirectArenas: 8
2022-11-06 21:00:14 DEBUG PooledByteBufAllocator:160 - -Dio.netty.allocator.pageSize: 8192
2022-11-06 21:00:14 DEBUG PooledByteBufAllocator:165 - -Dio.netty.allocator.maxOrder: 9
2022-11-06 21:00:14 DEBUG PooledByteBufAllocator:169 - -Dio.netty.allocator.chunkSize: 4194304
2022-11-06 21:00:14 DEBUG PooledByteBufAllocator:170 - -Dio.netty.allocator.smallCacheSize: 256
2022-11-06 21:00:14 DEBUG PooledByteBufAllocator:171 - -Dio.netty.allocator.normalCacheSize: 64
2022-11-06 21:00:14 DEBUG PooledByteBufAllocator:172 - -Dio.netty.allocator.maxCachedBufferCapacity: 32768
2022-11-06 21:00:14 DEBUG PooledByteBufAllocator:173 - -Dio.netty.allocator.cacheTrimInterval: 8192
2022-11-06 21:00:14 DEBUG PooledByteBufAllocator:174 - -Dio.netty.allocator.cacheTrimIntervalMillis: 0
2022-11-06 21:00:14 DEBUG PooledByteBufAllocator:175 - -Dio.netty.allocator.useCacheForAllThreads: false
2022-11-06 21:00:14 DEBUG PooledByteBufAllocator:176 - -Dio.netty.allocator.maxCachedByteBuffersPerChunk: 1023
2022-11-06 21:00:14 DEBUG ByteBufUtil:87 - -Dio.netty.allocator.type: pooled
2022-11-06 21:00:14 DEBUG ByteBufUtil:96 - -Dio.netty.threadLocalDirectBufferSize: 0
2022-11-06 21:00:14 DEBUG ByteBufUtil:99 - -Dio.netty.maxThreadLocalCharBufferSize: 16384
2022-11-06 21:00:14 DEBUG DefaultChannelId:79 - -Dio.netty.processId: 17448 (auto-detected)
2022-11-06 21:00:14 DEBUG NetUtil:136 - -Djava.net.preferIPv4Stack: false
2022-11-06 21:00:14 DEBUG NetUtil:137 - -Djava.net.preferIPv6Addresses: false
2022-11-06 21:00:14 DEBUG NetUtilInitializations:129 - Loopback interface: lo (Software Loopback Interface 1, 127.0.0.1)
2022-11-06 21:00:14 DEBUG NetUtil:191 - Failed to get SOMAXCONN from sysctl and file \proc\sys\net\core\somaxconn. Default: 200
2022-11-06 21:00:14 DEBUG DefaultChannelId:101 - -Dio.netty.machineId: 30:52:cb:ff:fe:9a:29:b3 (auto-detected)
2022-11-06 21:00:14 DEBUG AbstractByteBuf:63 - -Dio.netty.buffer.checkAccessible: true
2022-11-06 21:00:14 DEBUG AbstractByteBuf:64 - -Dio.netty.buffer.checkBounds: true
2022-11-06 21:00:14 DEBUG ResourceLeakDetectorFactory:196 - Loaded default ResourceLeakDetector: io.netty.util.ResourceLeakDetector@665ab88
2022-11-06 21:00:14 DEBUG Recycler:85 - -Dio.netty.recycler.maxCapacityPerThread: 4096
2022-11-06 21:00:14 DEBUG Recycler:86 - -Dio.netty.recycler.ratio: 8
2022-11-06 21:00:14 DEBUG Recycler:87 - -Dio.netty.recycler.chunkSize: 32
2022-11-06 21:00:14 DEBUG Recycler:88 - -Dio.netty.recycler.blocking: false
2022-11-06 21:00:15 DEBUG Brotli:38 - brotli4j not in the classpath; Brotli support will be unavailable.
2022-11-06 21:00:15 DEBUG ThreadLocalRandom:214 - -Dio.netty.initialSeedUniquifier: 0x256afd34133d44f7
2022-11-06 21:00:15 INFO  log:23 - =============Chromebrowser initiated=========
2022-11-06 21:00:16 INFO  log:23 - =============edgebrowser initiated=========
2022-11-06 21:00:18 INFO  log:23 - The thread that is running is :19
2022-11-06 21:00:18 INFO  log:12 - ==========verifyLogo for the thread: 19 TEST START=================
2022-11-06 21:00:18 INFO  log:16 - ============verifyLogo TEST END==================
2022-11-06 21:00:18 INFO  log:12 - ==========verifyTitle for the thread :19 TEST START=================
2022-11-06 21:00:18 INFO  log:16 - ============verifyTitle TEST END==================
2022-11-06 21:00:18 INFO  log:12 - ==========clickOnSignInTest for the thread: 19 TEST START=================
2022-11-06 21:00:19 INFO  log:23 - The thread that is running is :20
2022-11-06 21:00:19 INFO  log:12 - ==========Setting up he environment to perform the login test TEST START=================
2022-11-06 21:00:28 INFO  log:16 - ============clickOnSignInTest TEST END==================
2022-11-06 21:00:28 INFO  log:12 - ==========This verifyTitle testcase is failed deliberately for the thread:19 TEST START=================
2022-11-06 21:00:28 INFO  log:12 - ==========verifyLogo is falied deliberately for the thread: 19 TEST START=================
2022-11-06 21:00:35 INFO  log:23 - logging out of home page 
2022-11-06 21:00:40 INFO  log:23 - after sign-out of home page, the actual url is: http://automationpractice.com/index.php?controller=authentication&back=my-account
2022-11-06 21:00:40 ERROR log:35 - Home page is not displayed - Logout is not successful!
2022-11-06 21:00:52 INFO  log:23 - after sign-out of home page, the actual url is: http://automationpractice.com/index.php?controller=authentication&back=my-account
2022-11-06 21:00:52 ERROR log:35 - Home page is not displayed - Logout is not successful!
2022-11-06 21:00:55 ERROR log:35 - Home page is not displayed - Login is not successful!
2022-11-06 21:00:56 DEBUG cache:45 - Couldn't find template in cache for "v3html/v3-html-index.ftl"("en", UTF-8, parsed); will try to load it.
2022-11-06 21:00:56 DEBUG cache:45 - TemplateLoader.findTemplateSource("v3html/v3-html-index_en.ftl"): Not found
2022-11-06 21:00:56 DEBUG cache:45 - TemplateLoader.findTemplateSource("v3html/v3-html-index.ftl"): Found
2022-11-06 21:00:56 DEBUG cache:45 - Loading template for "v3html/v3-html-index.ftl"("en", UTF-8, parsed) from "jar:file:/C:/Users/Sri/.m2/repository/com/aventstack/extentreports/4.0.9/extentreports-4.0.9.jar!/com/aventstack/extentreports/view/v3html/v3-html-index.ftl"
2022-11-06 21:00:56 DEBUG cache:45 - Couldn't find template in cache for "v3html/v3-html-head.ftl"("en", UTF-8, parsed); will try to load it.
2022-11-06 21:00:56 DEBUG cache:45 - TemplateLoader.findTemplateSource("v3html/v3-html-head_en.ftl"): Not found
2022-11-06 21:00:56 DEBUG cache:45 - TemplateLoader.findTemplateSource("v3html/v3-html-head.ftl"): Found
2022-11-06 21:00:56 DEBUG cache:45 - Loading template for "v3html/v3-html-head.ftl"("en", UTF-8, parsed) from "jar:file:/C:/Users/Sri/.m2/repository/com/aventstack/extentreports/4.0.9/extentreports-4.0.9.jar!/com/aventstack/extentreports/view/v3html/v3-html-head.ftl"
2022-11-06 21:00:56 DEBUG cache:45 - Couldn't find template in cache for "v3html/v3-html-nav.ftl"("en", UTF-8, parsed); will try to load it.
2022-11-06 21:00:56 DEBUG cache:45 - TemplateLoader.findTemplateSource("v3html/v3-html-nav_en.ftl"): Not found
2022-11-06 21:00:56 DEBUG cache:45 - TemplateLoader.findTemplateSource("v3html/v3-html-nav.ftl"): Found
2022-11-06 21:00:56 DEBUG cache:45 - Loading template for "v3html/v3-html-nav.ftl"("en", UTF-8, parsed) from "jar:file:/C:/Users/Sri/.m2/repository/com/aventstack/extentreports/4.0.9/extentreports-4.0.9.jar!/com/aventstack/extentreports/view/v3html/v3-html-nav.ftl"
2022-11-06 21:00:56 DEBUG cache:45 - Couldn't find template in cache for "v3html/test-view/v3-html-test-view.ftl"("en", UTF-8, parsed); will try to load it.
2022-11-06 21:00:56 DEBUG cache:45 - TemplateLoader.findTemplateSource("v3html/test-view/v3-html-test-view_en.ftl"): Not found
2022-11-06 21:00:56 DEBUG cache:45 - TemplateLoader.findTemplateSource("v3html/test-view/v3-html-test-view.ftl"): Found
2022-11-06 21:00:56 DEBUG cache:45 - Loading template for "v3html/test-view/v3-html-test-view.ftl"("en", UTF-8, parsed) from "jar:file:/C:/Users/Sri/.m2/repository/com/aventstack/extentreports/4.0.9/extentreports-4.0.9.jar!/com/aventstack/extentreports/view/v3html/test-view/v3-html-test-view.ftl"
2022-11-06 21:00:56 DEBUG cache:45 - Couldn't find template in cache for "v3html/test-view/v3-html-test-view-charts.ftl"("en", UTF-8, parsed); will try to load it.
2022-11-06 21:00:56 DEBUG cache:45 - TemplateLoader.findTemplateSource("v3html/test-view/v3-html-test-view-charts_en.ftl"): Not found
2022-11-06 21:00:56 DEBUG cache:45 - TemplateLoader.findTemplateSource("v3html/test-view/v3-html-test-view-charts.ftl"): Found
2022-11-06 21:00:56 DEBUG cache:45 - Loading template for "v3html/test-view/v3-html-test-view-charts.ftl"("en", UTF-8, parsed) from "jar:file:/C:/Users/Sri/.m2/repository/com/aventstack/extentreports/4.0.9/extentreports-4.0.9.jar!/com/aventstack/extentreports/view/v3html/test-view/v3-html-test-view-charts.ftl"
2022-11-06 21:00:56 DEBUG cache:45 - Couldn't find template in cache for "v3html/test-view/v3-html-standard.ftl"("en", UTF-8, parsed); will try to load it.
2022-11-06 21:00:56 DEBUG cache:45 - TemplateLoader.findTemplateSource("v3html/test-view/v3-html-standard_en.ftl"): Not found
2022-11-06 21:00:56 DEBUG cache:45 - TemplateLoader.findTemplateSource("v3html/test-view/v3-html-standard.ftl"): Found
2022-11-06 21:00:56 DEBUG cache:45 - Loading template for "v3html/test-view/v3-html-standard.ftl"("en", UTF-8, parsed) from "jar:file:/C:/Users/Sri/.m2/repository/com/aventstack/extentreports/4.0.9/extentreports-4.0.9.jar!/com/aventstack/extentreports/view/v3html/test-view/v3-html-standard.ftl"
2022-11-06 21:00:56 DEBUG cache:45 - "v3html/test-view/v3-html-standard.ftl"("en", UTF-8, parsed) cached copy not yet stale; using cached.
2022-11-06 21:00:56 DEBUG cache:45 - "v3html/test-view/v3-html-standard.ftl"("en", UTF-8, parsed) cached copy not yet stale; using cached.
2022-11-06 21:00:56 DEBUG cache:45 - "v3html/test-view/v3-html-standard.ftl"("en", UTF-8, parsed) cached copy not yet stale; using cached.
2022-11-06 21:00:56 DEBUG cache:45 - "v3html/test-view/v3-html-standard.ftl"("en", UTF-8, parsed) cached copy not yet stale; using cached.
2022-11-06 21:00:56 DEBUG cache:45 - "v3html/test-view/v3-html-standard.ftl"("en", UTF-8, parsed) cached copy not yet stale; using cached.
2022-11-06 21:00:56 DEBUG cache:45 - "v3html/test-view/v3-html-standard.ftl"("en", UTF-8, parsed) cached copy not yet stale; using cached.
2022-11-06 21:00:56 DEBUG cache:45 - "v3html/test-view/v3-html-standard.ftl"("en", UTF-8, parsed) cached copy not yet stale; using cached.
2022-11-06 21:00:56 DEBUG cache:45 - Couldn't find template in cache for "v3html/category-view/v3-html-category-view.ftl"("en", UTF-8, parsed); will try to load it.
2022-11-06 21:00:56 DEBUG cache:45 - TemplateLoader.findTemplateSource("v3html/category-view/v3-html-category-view_en.ftl"): Not found
2022-11-06 21:00:56 DEBUG cache:45 - TemplateLoader.findTemplateSource("v3html/category-view/v3-html-category-view.ftl"): Found
2022-11-06 21:00:56 DEBUG cache:45 - Loading template for "v3html/category-view/v3-html-category-view.ftl"("en", UTF-8, parsed) from "jar:file:/C:/Users/Sri/.m2/repository/com/aventstack/extentreports/4.0.9/extentreports-4.0.9.jar!/com/aventstack/extentreports/view/v3html/category-view/v3-html-category-view.ftl"
2022-11-06 21:00:56 DEBUG cache:45 - Couldn't find template in cache for "v3html/exception-view/v3-html-exception-view.ftl"("en", UTF-8, parsed); will try to load it.
2022-11-06 21:00:56 DEBUG cache:45 - TemplateLoader.findTemplateSource("v3html/exception-view/v3-html-exception-view_en.ftl"): Not found
2022-11-06 21:00:56 DEBUG cache:45 - TemplateLoader.findTemplateSource("v3html/exception-view/v3-html-exception-view.ftl"): Found
2022-11-06 21:00:56 DEBUG cache:45 - Loading template for "v3html/exception-view/v3-html-exception-view.ftl"("en", UTF-8, parsed) from "jar:file:/C:/Users/Sri/.m2/repository/com/aventstack/extentreports/4.0.9/extentreports-4.0.9.jar!/com/aventstack/extentreports/view/v3html/exception-view/v3-html-exception-view.ftl"
2022-11-06 21:00:56 DEBUG cache:45 - Couldn't find template in cache for "v3html/author-view/v3-html-author-view.ftl"("en", UTF-8, parsed); will try to load it.
2022-11-06 21:00:56 DEBUG cache:45 - TemplateLoader.findTemplateSource("v3html/author-view/v3-html-author-view_en.ftl"): Not found
2022-11-06 21:00:56 DEBUG cache:45 - TemplateLoader.findTemplateSource("v3html/author-view/v3-html-author-view.ftl"): Found
2022-11-06 21:00:56 DEBUG cache:45 - Loading template for "v3html/author-view/v3-html-author-view.ftl"("en", UTF-8, parsed) from "jar:file:/C:/Users/Sri/.m2/repository/com/aventstack/extentreports/4.0.9/extentreports-4.0.9.jar!/com/aventstack/extentreports/view/v3html/author-view/v3-html-author-view.ftl"
2022-11-06 21:00:56 DEBUG cache:45 - Couldn't find template in cache for "v3html/dashboard-view/v3-html-dashboard-view.ftl"("en", UTF-8, parsed); will try to load it.
2022-11-06 21:00:56 DEBUG cache:45 - TemplateLoader.findTemplateSource("v3html/dashboard-view/v3-html-dashboard-view_en.ftl"): Not found
2022-11-06 21:00:56 DEBUG cache:45 - TemplateLoader.findTemplateSource("v3html/dashboard-view/v3-html-dashboard-view.ftl"): Found
2022-11-06 21:00:56 DEBUG cache:45 - Loading template for "v3html/dashboard-view/v3-html-dashboard-view.ftl"("en", UTF-8, parsed) from "jar:file:/C:/Users/Sri/.m2/repository/com/aventstack/extentreports/4.0.9/extentreports-4.0.9.jar!/com/aventstack/extentreports/view/v3html/dashboard-view/v3-html-dashboard-view.ftl"
2022-11-06 21:00:56 DEBUG cache:45 - Couldn't find template in cache for "v3html/logs-view/v3-html-testrunner-logs-view.ftl"("en", UTF-8, parsed); will try to load it.
2022-11-06 21:00:56 DEBUG cache:45 - TemplateLoader.findTemplateSource("v3html/logs-view/v3-html-testrunner-logs-view_en.ftl"): Not found
2022-11-06 21:00:56 DEBUG cache:45 - TemplateLoader.findTemplateSource("v3html/logs-view/v3-html-testrunner-logs-view.ftl"): Found
2022-11-06 21:00:56 DEBUG cache:45 - Loading template for "v3html/logs-view/v3-html-testrunner-logs-view.ftl"("en", UTF-8, parsed) from "jar:file:/C:/Users/Sri/.m2/repository/com/aventstack/extentreports/4.0.9/extentreports-4.0.9.jar!/com/aventstack/extentreports/view/v3html/logs-view/v3-html-testrunner-logs-view.ftl"
2022-11-06 21:11:09 DEBUG InternalLoggerFactory:89 - Using Log4J as the default logging framework
2022-11-06 21:11:09 DEBUG ResourceLeakDetector:129 - -Dio.netty.leakDetection.level: simple
2022-11-06 21:11:09 DEBUG ResourceLeakDetector:130 - -Dio.netty.leakDetection.targetRecords: 4
2022-11-06 21:11:09 DEBUG ResourceLeakDetectorFactory:196 - Loaded default ResourceLeakDetector: io.netty.util.ResourceLeakDetector@4fa8a608
2022-11-06 21:11:09 DEBUG PlatformDependent0:495 - -Dio.netty.noUnsafe: false
2022-11-06 21:11:09 DEBUG PlatformDependent0:998 - Java version: 16
2022-11-06 21:11:09 DEBUG PlatformDependent0:136 - sun.misc.Unsafe.theUnsafe: available
2022-11-06 21:11:09 DEBUG PlatformDependent0:160 - sun.misc.Unsafe.copyMemory: available
2022-11-06 21:11:09 DEBUG PlatformDependent0:192 - sun.misc.Unsafe.storeFence: available
2022-11-06 21:11:09 DEBUG PlatformDependent0:235 - java.nio.Buffer.address: available
2022-11-06 21:11:09 DEBUG PlatformDependent0:319 - direct buffer constructor: unavailable: Reflective setAccessible(true) disabled
2022-11-06 21:11:09 DEBUG PlatformDependent0:384 - java.nio.Bits.unaligned: available, true
2022-11-06 21:11:09 DEBUG PlatformDependent0:451 - jdk.internal.misc.Unsafe.allocateUninitializedArray(int): unavailable: class io.netty.util.internal.PlatformDependent0$7 cannot access class jdk.internal.misc.Unsafe (in module java.base) because module java.base does not export jdk.internal.misc to unnamed module @3d71d552
2022-11-06 21:11:09 DEBUG PlatformDependent0:481 - java.nio.DirectByteBuffer.<init>(long, int): unavailable
2022-11-06 21:11:09 DEBUG PlatformDependent:1159 - sun.misc.Unsafe: available
2022-11-06 21:11:09 DEBUG PlatformDependent:1270 - maxDirectMemory: 4282384384 bytes (maybe)
2022-11-06 21:11:09 DEBUG PlatformDependent:1289 - -Dio.netty.tmpdir: C:\Users\Sri\AppData\Local\Temp (java.io.tmpdir)
2022-11-06 21:11:09 DEBUG PlatformDependent:1368 - -Dio.netty.bitMode: 64 (sun.arch.data.model)
2022-11-06 21:11:09 DEBUG PlatformDependent:1119 - Platform: Windows
2022-11-06 21:11:09 DEBUG PlatformDependent:178 - -Dio.netty.maxDirectMemory: -1 bytes
2022-11-06 21:11:09 DEBUG PlatformDependent:185 - -Dio.netty.uninitializedArrayAllocationThreshold: -1
2022-11-06 21:11:09 DEBUG CleanerJava9:71 - java.nio.ByteBuffer.cleaner(): available
2022-11-06 21:11:09 DEBUG PlatformDependent:205 - -Dio.netty.noPreferDirect: false
2022-11-06 21:11:09 DEBUG PlatformDependent:1010 - org.jctools-core.MpscChunkedArrayQueue: available
2022-11-06 21:11:09 DEBUG InternalThreadLocalMap:86 - -Dio.netty.threadLocalMap.stringBuilder.initialSize: 1024
2022-11-06 21:11:09 DEBUG InternalThreadLocalMap:89 - -Dio.netty.threadLocalMap.stringBuilder.maxSize: 4096
2022-11-06 21:11:09 DEBUG JdkSslContext:83 - Default protocols (JDK): [TLSv1.3, TLSv1.2] 
2022-11-06 21:11:09 DEBUG JdkSslContext:84 - Default cipher suites (JDK): [TLS_ECDHE_ECDSA_WITH_AES_256_GCM_SHA384, TLS_ECDHE_ECDSA_WITH_AES_128_GCM_SHA256, TLS_ECDHE_RSA_WITH_AES_128_GCM_SHA256, TLS_ECDHE_RSA_WITH_AES_256_GCM_SHA384, TLS_ECDHE_RSA_WITH_AES_128_CBC_SHA, TLS_ECDHE_RSA_WITH_AES_256_CBC_SHA, TLS_RSA_WITH_AES_128_GCM_SHA256, TLS_RSA_WITH_AES_128_CBC_SHA, TLS_RSA_WITH_AES_256_CBC_SHA, TLS_AES_128_GCM_SHA256, TLS_AES_256_GCM_SHA384]
2022-11-06 21:11:09 DEBUG MultithreadEventLoopGroup:44 - -Dio.netty.eventLoopThreads: 8
2022-11-06 21:11:09 DEBUG NioEventLoop:109 - -Dio.netty.noKeySetOptimization: false
2022-11-06 21:11:09 DEBUG NioEventLoop:110 - -Dio.netty.selectorAutoRebuildThreshold: 512
2022-11-06 21:11:09 DEBUG PooledByteBufAllocator:157 - -Dio.netty.allocator.numHeapArenas: 8
2022-11-06 21:11:09 DEBUG PooledByteBufAllocator:158 - -Dio.netty.allocator.numDirectArenas: 8
2022-11-06 21:11:09 DEBUG PooledByteBufAllocator:160 - -Dio.netty.allocator.pageSize: 8192
2022-11-06 21:11:09 DEBUG PooledByteBufAllocator:165 - -Dio.netty.allocator.maxOrder: 9
2022-11-06 21:11:09 DEBUG PooledByteBufAllocator:169 - -Dio.netty.allocator.chunkSize: 4194304
2022-11-06 21:11:09 DEBUG PooledByteBufAllocator:170 - -Dio.netty.allocator.smallCacheSize: 256
2022-11-06 21:11:09 DEBUG PooledByteBufAllocator:171 - -Dio.netty.allocator.normalCacheSize: 64
2022-11-06 21:11:09 DEBUG PooledByteBufAllocator:172 - -Dio.netty.allocator.maxCachedBufferCapacity: 32768
2022-11-06 21:11:09 DEBUG PooledByteBufAllocator:173 - -Dio.netty.allocator.cacheTrimInterval: 8192
2022-11-06 21:11:09 DEBUG PooledByteBufAllocator:174 - -Dio.netty.allocator.cacheTrimIntervalMillis: 0
2022-11-06 21:11:09 DEBUG PooledByteBufAllocator:175 - -Dio.netty.allocator.useCacheForAllThreads: false
2022-11-06 21:11:09 DEBUG PooledByteBufAllocator:176 - -Dio.netty.allocator.maxCachedByteBuffersPerChunk: 1023
2022-11-06 21:11:09 DEBUG ByteBufUtil:87 - -Dio.netty.allocator.type: pooled
2022-11-06 21:11:09 DEBUG ByteBufUtil:96 - -Dio.netty.threadLocalDirectBufferSize: 0
2022-11-06 21:11:09 DEBUG ByteBufUtil:99 - -Dio.netty.maxThreadLocalCharBufferSize: 16384
2022-11-06 21:11:10 DEBUG DefaultChannelId:79 - -Dio.netty.processId: 32288 (auto-detected)
2022-11-06 21:11:10 DEBUG NetUtil:136 - -Djava.net.preferIPv4Stack: false
2022-11-06 21:11:10 DEBUG NetUtil:137 - -Djava.net.preferIPv6Addresses: false
2022-11-06 21:11:10 DEBUG NetUtilInitializations:129 - Loopback interface: lo (Software Loopback Interface 1, 127.0.0.1)
2022-11-06 21:11:10 DEBUG NetUtil:191 - Failed to get SOMAXCONN from sysctl and file \proc\sys\net\core\somaxconn. Default: 200
2022-11-06 21:11:10 DEBUG DefaultChannelId:101 - -Dio.netty.machineId: 30:52:cb:ff:fe:9a:29:b3 (auto-detected)
2022-11-06 21:11:10 DEBUG AbstractByteBuf:63 - -Dio.netty.buffer.checkAccessible: true
2022-11-06 21:11:10 DEBUG AbstractByteBuf:64 - -Dio.netty.buffer.checkBounds: true
2022-11-06 21:11:10 DEBUG ResourceLeakDetectorFactory:196 - Loaded default ResourceLeakDetector: io.netty.util.ResourceLeakDetector@7cf76054
2022-11-06 21:11:10 DEBUG Recycler:85 - -Dio.netty.recycler.maxCapacityPerThread: 4096
2022-11-06 21:11:10 DEBUG Recycler:86 - -Dio.netty.recycler.ratio: 8
2022-11-06 21:11:10 DEBUG Recycler:87 - -Dio.netty.recycler.chunkSize: 32
2022-11-06 21:11:10 DEBUG Recycler:88 - -Dio.netty.recycler.blocking: false
2022-11-06 21:11:10 DEBUG Brotli:38 - brotli4j not in the classpath; Brotli support will be unavailable.
2022-11-06 21:11:11 DEBUG ThreadLocalRandom:214 - -Dio.netty.initialSeedUniquifier: 0x09ff5b564d456d46
2022-11-06 21:11:11 INFO  log:23 - =============Chromebrowser initiated=========
2022-11-06 21:11:12 INFO  log:23 - =============edgebrowser initiated=========
2022-11-06 21:11:13 INFO  log:23 - The thread that is running is :19
2022-11-06 21:11:13 INFO  log:12 - ==========verifyLogo for the thread: 19 TEST START=================
2022-11-06 21:11:13 INFO  log:16 - ============verifyLogo TEST END==================
2022-11-06 21:11:13 INFO  log:12 - ==========verifyTitle for the thread :19 TEST START=================
2022-11-06 21:11:13 INFO  log:16 - ============verifyTitle TEST END==================
2022-11-06 21:11:13 INFO  log:12 - ==========clickOnSignInTest for the thread: 19 TEST START=================
2022-11-06 21:11:14 INFO  log:23 - The thread that is running is :20
2022-11-06 21:11:14 INFO  log:12 - ==========Setting up he environment to perform the login test TEST START=================
2022-11-06 21:11:22 INFO  log:16 - ============clickOnSignInTest TEST END==================
2022-11-06 21:11:22 INFO  log:12 - ==========This verifyTitle testcase is failed deliberately for the thread:19 TEST START=================
2022-11-06 21:11:22 INFO  log:12 - ==========verifyLogo is falied deliberately for the thread: 19 TEST START=================
2022-11-06 21:11:28 INFO  log:23 - logging out of home page 
2022-11-06 21:11:32 INFO  log:23 - after sign-out of home page, the actual title is: Login - My Store
2022-11-06 21:11:32 ERROR log:35 - Home page is not displayed - Logout is not successful!
2022-11-06 21:11:44 INFO  log:23 - after sign-out of home page, the actual title is: Login - My Store
2022-11-06 21:11:44 ERROR log:35 - Home page is not displayed - Logout is not successful!
2022-11-06 21:11:48 ERROR log:35 - Home page is not displayed - Login is not successful!
2022-11-06 21:11:48 DEBUG cache:45 - Couldn't find template in cache for "v3html/v3-html-index.ftl"("en", UTF-8, parsed); will try to load it.
2022-11-06 21:11:48 DEBUG cache:45 - TemplateLoader.findTemplateSource("v3html/v3-html-index_en.ftl"): Not found
2022-11-06 21:11:48 DEBUG cache:45 - TemplateLoader.findTemplateSource("v3html/v3-html-index.ftl"): Found
2022-11-06 21:11:48 DEBUG cache:45 - Loading template for "v3html/v3-html-index.ftl"("en", UTF-8, parsed) from "jar:file:/C:/Users/Sri/.m2/repository/com/aventstack/extentreports/4.0.9/extentreports-4.0.9.jar!/com/aventstack/extentreports/view/v3html/v3-html-index.ftl"
2022-11-06 21:11:48 DEBUG cache:45 - Couldn't find template in cache for "v3html/v3-html-head.ftl"("en", UTF-8, parsed); will try to load it.
2022-11-06 21:11:48 DEBUG cache:45 - TemplateLoader.findTemplateSource("v3html/v3-html-head_en.ftl"): Not found
2022-11-06 21:11:48 DEBUG cache:45 - TemplateLoader.findTemplateSource("v3html/v3-html-head.ftl"): Found
2022-11-06 21:11:48 DEBUG cache:45 - Loading template for "v3html/v3-html-head.ftl"("en", UTF-8, parsed) from "jar:file:/C:/Users/Sri/.m2/repository/com/aventstack/extentreports/4.0.9/extentreports-4.0.9.jar!/com/aventstack/extentreports/view/v3html/v3-html-head.ftl"
2022-11-06 21:11:48 DEBUG cache:45 - Couldn't find template in cache for "v3html/v3-html-nav.ftl"("en", UTF-8, parsed); will try to load it.
2022-11-06 21:11:48 DEBUG cache:45 - TemplateLoader.findTemplateSource("v3html/v3-html-nav_en.ftl"): Not found
2022-11-06 21:11:48 DEBUG cache:45 - TemplateLoader.findTemplateSource("v3html/v3-html-nav.ftl"): Found
2022-11-06 21:11:48 DEBUG cache:45 - Loading template for "v3html/v3-html-nav.ftl"("en", UTF-8, parsed) from "jar:file:/C:/Users/Sri/.m2/repository/com/aventstack/extentreports/4.0.9/extentreports-4.0.9.jar!/com/aventstack/extentreports/view/v3html/v3-html-nav.ftl"
2022-11-06 21:11:48 DEBUG cache:45 - Couldn't find template in cache for "v3html/test-view/v3-html-test-view.ftl"("en", UTF-8, parsed); will try to load it.
2022-11-06 21:11:48 DEBUG cache:45 - TemplateLoader.findTemplateSource("v3html/test-view/v3-html-test-view_en.ftl"): Not found
2022-11-06 21:11:48 DEBUG cache:45 - TemplateLoader.findTemplateSource("v3html/test-view/v3-html-test-view.ftl"): Found
2022-11-06 21:11:48 DEBUG cache:45 - Loading template for "v3html/test-view/v3-html-test-view.ftl"("en", UTF-8, parsed) from "jar:file:/C:/Users/Sri/.m2/repository/com/aventstack/extentreports/4.0.9/extentreports-4.0.9.jar!/com/aventstack/extentreports/view/v3html/test-view/v3-html-test-view.ftl"
2022-11-06 21:11:48 DEBUG cache:45 - Couldn't find template in cache for "v3html/test-view/v3-html-test-view-charts.ftl"("en", UTF-8, parsed); will try to load it.
2022-11-06 21:11:48 DEBUG cache:45 - TemplateLoader.findTemplateSource("v3html/test-view/v3-html-test-view-charts_en.ftl"): Not found
2022-11-06 21:11:48 DEBUG cache:45 - TemplateLoader.findTemplateSource("v3html/test-view/v3-html-test-view-charts.ftl"): Found
2022-11-06 21:11:48 DEBUG cache:45 - Loading template for "v3html/test-view/v3-html-test-view-charts.ftl"("en", UTF-8, parsed) from "jar:file:/C:/Users/Sri/.m2/repository/com/aventstack/extentreports/4.0.9/extentreports-4.0.9.jar!/com/aventstack/extentreports/view/v3html/test-view/v3-html-test-view-charts.ftl"
2022-11-06 21:11:48 DEBUG cache:45 - Couldn't find template in cache for "v3html/test-view/v3-html-standard.ftl"("en", UTF-8, parsed); will try to load it.
2022-11-06 21:11:48 DEBUG cache:45 - TemplateLoader.findTemplateSource("v3html/test-view/v3-html-standard_en.ftl"): Not found
2022-11-06 21:11:48 DEBUG cache:45 - TemplateLoader.findTemplateSource("v3html/test-view/v3-html-standard.ftl"): Found
2022-11-06 21:11:48 DEBUG cache:45 - Loading template for "v3html/test-view/v3-html-standard.ftl"("en", UTF-8, parsed) from "jar:file:/C:/Users/Sri/.m2/repository/com/aventstack/extentreports/4.0.9/extentreports-4.0.9.jar!/com/aventstack/extentreports/view/v3html/test-view/v3-html-standard.ftl"
2022-11-06 21:11:48 DEBUG cache:45 - "v3html/test-view/v3-html-standard.ftl"("en", UTF-8, parsed) cached copy not yet stale; using cached.
2022-11-06 21:11:48 DEBUG cache:45 - "v3html/test-view/v3-html-standard.ftl"("en", UTF-8, parsed) cached copy not yet stale; using cached.
2022-11-06 21:11:48 DEBUG cache:45 - "v3html/test-view/v3-html-standard.ftl"("en", UTF-8, parsed) cached copy not yet stale; using cached.
2022-11-06 21:11:49 DEBUG cache:45 - "v3html/test-view/v3-html-standard.ftl"("en", UTF-8, parsed) cached copy not yet stale; using cached.
2022-11-06 21:11:49 DEBUG cache:45 - "v3html/test-view/v3-html-standard.ftl"("en", UTF-8, parsed) cached copy not yet stale; using cached.
2022-11-06 21:11:49 DEBUG cache:45 - "v3html/test-view/v3-html-standard.ftl"("en", UTF-8, parsed) cached copy not yet stale; using cached.
2022-11-06 21:11:49 DEBUG cache:45 - "v3html/test-view/v3-html-standard.ftl"("en", UTF-8, parsed) cached copy not yet stale; using cached.
2022-11-06 21:11:49 DEBUG cache:45 - Couldn't find template in cache for "v3html/category-view/v3-html-category-view.ftl"("en", UTF-8, parsed); will try to load it.
2022-11-06 21:11:49 DEBUG cache:45 - TemplateLoader.findTemplateSource("v3html/category-view/v3-html-category-view_en.ftl"): Not found
2022-11-06 21:11:49 DEBUG cache:45 - TemplateLoader.findTemplateSource("v3html/category-view/v3-html-category-view.ftl"): Found
2022-11-06 21:11:49 DEBUG cache:45 - Loading template for "v3html/category-view/v3-html-category-view.ftl"("en", UTF-8, parsed) from "jar:file:/C:/Users/Sri/.m2/repository/com/aventstack/extentreports/4.0.9/extentreports-4.0.9.jar!/com/aventstack/extentreports/view/v3html/category-view/v3-html-category-view.ftl"
2022-11-06 21:11:49 DEBUG cache:45 - Couldn't find template in cache for "v3html/exception-view/v3-html-exception-view.ftl"("en", UTF-8, parsed); will try to load it.
2022-11-06 21:11:49 DEBUG cache:45 - TemplateLoader.findTemplateSource("v3html/exception-view/v3-html-exception-view_en.ftl"): Not found
2022-11-06 21:11:49 DEBUG cache:45 - TemplateLoader.findTemplateSource("v3html/exception-view/v3-html-exception-view.ftl"): Found
2022-11-06 21:11:49 DEBUG cache:45 - Loading template for "v3html/exception-view/v3-html-exception-view.ftl"("en", UTF-8, parsed) from "jar:file:/C:/Users/Sri/.m2/repository/com/aventstack/extentreports/4.0.9/extentreports-4.0.9.jar!/com/aventstack/extentreports/view/v3html/exception-view/v3-html-exception-view.ftl"
2022-11-06 21:11:49 DEBUG cache:45 - Couldn't find template in cache for "v3html/author-view/v3-html-author-view.ftl"("en", UTF-8, parsed); will try to load it.
2022-11-06 21:11:49 DEBUG cache:45 - TemplateLoader.findTemplateSource("v3html/author-view/v3-html-author-view_en.ftl"): Not found
2022-11-06 21:11:49 DEBUG cache:45 - TemplateLoader.findTemplateSource("v3html/author-view/v3-html-author-view.ftl"): Found
2022-11-06 21:11:49 DEBUG cache:45 - Loading template for "v3html/author-view/v3-html-author-view.ftl"("en", UTF-8, parsed) from "jar:file:/C:/Users/Sri/.m2/repository/com/aventstack/extentreports/4.0.9/extentreports-4.0.9.jar!/com/aventstack/extentreports/view/v3html/author-view/v3-html-author-view.ftl"
2022-11-06 21:11:49 DEBUG cache:45 - Couldn't find template in cache for "v3html/dashboard-view/v3-html-dashboard-view.ftl"("en", UTF-8, parsed); will try to load it.
2022-11-06 21:11:49 DEBUG cache:45 - TemplateLoader.findTemplateSource("v3html/dashboard-view/v3-html-dashboard-view_en.ftl"): Not found
2022-11-06 21:11:49 DEBUG cache:45 - TemplateLoader.findTemplateSource("v3html/dashboard-view/v3-html-dashboard-view.ftl"): Found
2022-11-06 21:11:49 DEBUG cache:45 - Loading template for "v3html/dashboard-view/v3-html-dashboard-view.ftl"("en", UTF-8, parsed) from "jar:file:/C:/Users/Sri/.m2/repository/com/aventstack/extentreports/4.0.9/extentreports-4.0.9.jar!/com/aventstack/extentreports/view/v3html/dashboard-view/v3-html-dashboard-view.ftl"
2022-11-06 21:11:49 DEBUG cache:45 - Couldn't find template in cache for "v3html/logs-view/v3-html-testrunner-logs-view.ftl"("en", UTF-8, parsed); will try to load it.
2022-11-06 21:11:49 DEBUG cache:45 - TemplateLoader.findTemplateSource("v3html/logs-view/v3-html-testrunner-logs-view_en.ftl"): Not found
2022-11-06 21:11:49 DEBUG cache:45 - TemplateLoader.findTemplateSource("v3html/logs-view/v3-html-testrunner-logs-view.ftl"): Found
2022-11-06 21:11:49 DEBUG cache:45 - Loading template for "v3html/logs-view/v3-html-testrunner-logs-view.ftl"("en", UTF-8, parsed) from "jar:file:/C:/Users/Sri/.m2/repository/com/aventstack/extentreports/4.0.9/extentreports-4.0.9.jar!/com/aventstack/extentreports/view/v3html/logs-view/v3-html-testrunner-logs-view.ftl"
2022-11-06 21:13:02 DEBUG InternalLoggerFactory:89 - Using Log4J as the default logging framework
2022-11-06 21:13:02 DEBUG ResourceLeakDetector:129 - -Dio.netty.leakDetection.level: simple
2022-11-06 21:13:02 DEBUG ResourceLeakDetector:130 - -Dio.netty.leakDetection.targetRecords: 4
2022-11-06 21:13:02 DEBUG ResourceLeakDetectorFactory:196 - Loaded default ResourceLeakDetector: io.netty.util.ResourceLeakDetector@5486bf4c
2022-11-06 21:13:02 DEBUG PlatformDependent0:495 - -Dio.netty.noUnsafe: false
2022-11-06 21:13:02 DEBUG PlatformDependent0:998 - Java version: 16
2022-11-06 21:13:02 DEBUG PlatformDependent0:136 - sun.misc.Unsafe.theUnsafe: available
2022-11-06 21:13:02 DEBUG PlatformDependent0:160 - sun.misc.Unsafe.copyMemory: available
2022-11-06 21:13:02 DEBUG PlatformDependent0:192 - sun.misc.Unsafe.storeFence: available
2022-11-06 21:13:02 DEBUG PlatformDependent0:235 - java.nio.Buffer.address: available
2022-11-06 21:13:02 DEBUG PlatformDependent0:319 - direct buffer constructor: unavailable: Reflective setAccessible(true) disabled
2022-11-06 21:13:02 DEBUG PlatformDependent0:384 - java.nio.Bits.unaligned: available, true
2022-11-06 21:13:02 DEBUG PlatformDependent0:451 - jdk.internal.misc.Unsafe.allocateUninitializedArray(int): unavailable: class io.netty.util.internal.PlatformDependent0$7 cannot access class jdk.internal.misc.Unsafe (in module java.base) because module java.base does not export jdk.internal.misc to unnamed module @3d71d552
2022-11-06 21:13:02 DEBUG PlatformDependent0:481 - java.nio.DirectByteBuffer.<init>(long, int): unavailable
2022-11-06 21:13:02 DEBUG PlatformDependent:1159 - sun.misc.Unsafe: available
2022-11-06 21:13:02 DEBUG PlatformDependent:1270 - maxDirectMemory: 4282384384 bytes (maybe)
2022-11-06 21:13:02 DEBUG PlatformDependent:1289 - -Dio.netty.tmpdir: C:\Users\Sri\AppData\Local\Temp (java.io.tmpdir)
2022-11-06 21:13:02 DEBUG PlatformDependent:1368 - -Dio.netty.bitMode: 64 (sun.arch.data.model)
2022-11-06 21:13:02 DEBUG PlatformDependent:1119 - Platform: Windows
2022-11-06 21:13:02 DEBUG PlatformDependent:178 - -Dio.netty.maxDirectMemory: -1 bytes
2022-11-06 21:13:02 DEBUG PlatformDependent:185 - -Dio.netty.uninitializedArrayAllocationThreshold: -1
2022-11-06 21:13:02 DEBUG CleanerJava9:71 - java.nio.ByteBuffer.cleaner(): available
2022-11-06 21:13:02 DEBUG PlatformDependent:205 - -Dio.netty.noPreferDirect: false
2022-11-06 21:13:02 DEBUG PlatformDependent:1010 - org.jctools-core.MpscChunkedArrayQueue: available
2022-11-06 21:13:02 DEBUG InternalThreadLocalMap:86 - -Dio.netty.threadLocalMap.stringBuilder.initialSize: 1024
2022-11-06 21:13:02 DEBUG InternalThreadLocalMap:89 - -Dio.netty.threadLocalMap.stringBuilder.maxSize: 4096
2022-11-06 21:13:02 DEBUG JdkSslContext:83 - Default protocols (JDK): [TLSv1.3, TLSv1.2] 
2022-11-06 21:13:02 DEBUG JdkSslContext:84 - Default cipher suites (JDK): [TLS_ECDHE_ECDSA_WITH_AES_256_GCM_SHA384, TLS_ECDHE_ECDSA_WITH_AES_128_GCM_SHA256, TLS_ECDHE_RSA_WITH_AES_128_GCM_SHA256, TLS_ECDHE_RSA_WITH_AES_256_GCM_SHA384, TLS_ECDHE_RSA_WITH_AES_128_CBC_SHA, TLS_ECDHE_RSA_WITH_AES_256_CBC_SHA, TLS_RSA_WITH_AES_128_GCM_SHA256, TLS_RSA_WITH_AES_128_CBC_SHA, TLS_RSA_WITH_AES_256_CBC_SHA, TLS_AES_128_GCM_SHA256, TLS_AES_256_GCM_SHA384]
2022-11-06 21:13:02 DEBUG MultithreadEventLoopGroup:44 - -Dio.netty.eventLoopThreads: 8
2022-11-06 21:13:02 DEBUG NioEventLoop:109 - -Dio.netty.noKeySetOptimization: false
2022-11-06 21:13:02 DEBUG NioEventLoop:110 - -Dio.netty.selectorAutoRebuildThreshold: 512
2022-11-06 21:13:02 DEBUG PooledByteBufAllocator:157 - -Dio.netty.allocator.numHeapArenas: 8
2022-11-06 21:13:02 DEBUG PooledByteBufAllocator:158 - -Dio.netty.allocator.numDirectArenas: 8
2022-11-06 21:13:02 DEBUG PooledByteBufAllocator:160 - -Dio.netty.allocator.pageSize: 8192
2022-11-06 21:13:02 DEBUG PooledByteBufAllocator:165 - -Dio.netty.allocator.maxOrder: 9
2022-11-06 21:13:02 DEBUG PooledByteBufAllocator:169 - -Dio.netty.allocator.chunkSize: 4194304
2022-11-06 21:13:02 DEBUG PooledByteBufAllocator:170 - -Dio.netty.allocator.smallCacheSize: 256
2022-11-06 21:13:02 DEBUG PooledByteBufAllocator:171 - -Dio.netty.allocator.normalCacheSize: 64
2022-11-06 21:13:02 DEBUG PooledByteBufAllocator:172 - -Dio.netty.allocator.maxCachedBufferCapacity: 32768
2022-11-06 21:13:02 DEBUG PooledByteBufAllocator:173 - -Dio.netty.allocator.cacheTrimInterval: 8192
2022-11-06 21:13:02 DEBUG PooledByteBufAllocator:174 - -Dio.netty.allocator.cacheTrimIntervalMillis: 0
2022-11-06 21:13:02 DEBUG PooledByteBufAllocator:175 - -Dio.netty.allocator.useCacheForAllThreads: false
2022-11-06 21:13:02 DEBUG PooledByteBufAllocator:176 - -Dio.netty.allocator.maxCachedByteBuffersPerChunk: 1023
2022-11-06 21:13:02 DEBUG ByteBufUtil:87 - -Dio.netty.allocator.type: pooled
2022-11-06 21:13:02 DEBUG ByteBufUtil:96 - -Dio.netty.threadLocalDirectBufferSize: 0
2022-11-06 21:13:02 DEBUG ByteBufUtil:99 - -Dio.netty.maxThreadLocalCharBufferSize: 16384
2022-11-06 21:13:03 DEBUG DefaultChannelId:79 - -Dio.netty.processId: 40696 (auto-detected)
2022-11-06 21:13:03 DEBUG NetUtil:136 - -Djava.net.preferIPv4Stack: false
2022-11-06 21:13:03 DEBUG NetUtil:137 - -Djava.net.preferIPv6Addresses: false
2022-11-06 21:13:03 DEBUG NetUtilInitializations:129 - Loopback interface: lo (Software Loopback Interface 1, 127.0.0.1)
2022-11-06 21:13:03 DEBUG NetUtil:191 - Failed to get SOMAXCONN from sysctl and file \proc\sys\net\core\somaxconn. Default: 200
2022-11-06 21:13:03 DEBUG DefaultChannelId:101 - -Dio.netty.machineId: 30:52:cb:ff:fe:9a:29:b3 (auto-detected)
2022-11-06 21:13:03 DEBUG AbstractByteBuf:63 - -Dio.netty.buffer.checkAccessible: true
2022-11-06 21:13:03 DEBUG AbstractByteBuf:64 - -Dio.netty.buffer.checkBounds: true
2022-11-06 21:13:03 DEBUG ResourceLeakDetectorFactory:196 - Loaded default ResourceLeakDetector: io.netty.util.ResourceLeakDetector@6254bfb4
2022-11-06 21:13:03 DEBUG Recycler:85 - -Dio.netty.recycler.maxCapacityPerThread: 4096
2022-11-06 21:13:03 DEBUG Recycler:86 - -Dio.netty.recycler.ratio: 8
2022-11-06 21:13:03 DEBUG Recycler:87 - -Dio.netty.recycler.chunkSize: 32
2022-11-06 21:13:03 DEBUG Recycler:88 - -Dio.netty.recycler.blocking: false
2022-11-06 21:13:03 DEBUG Brotli:38 - brotli4j not in the classpath; Brotli support will be unavailable.
2022-11-06 21:13:04 DEBUG ThreadLocalRandom:214 - -Dio.netty.initialSeedUniquifier: 0xfa4df70cc218e5b5
2022-11-06 21:13:04 INFO  log:23 - =============Chromebrowser initiated=========
2022-11-06 21:13:05 INFO  log:23 - =============edgebrowser initiated=========
2022-11-06 21:13:06 INFO  log:23 - The thread that is running is :19
2022-11-06 21:13:06 INFO  log:12 - ==========verifyLogo for the thread: 19 TEST START=================
2022-11-06 21:13:06 INFO  log:16 - ============verifyLogo TEST END==================
2022-11-06 21:13:06 INFO  log:12 - ==========verifyTitle for the thread :19 TEST START=================
2022-11-06 21:13:06 INFO  log:16 - ============verifyTitle TEST END==================
2022-11-06 21:13:06 INFO  log:12 - ==========clickOnSignInTest for the thread: 19 TEST START=================
2022-11-06 21:13:08 INFO  log:23 - The thread that is running is :20
2022-11-06 21:13:08 INFO  log:12 - ==========Setting up he environment to perform the login test TEST START=================
2022-11-06 21:13:13 INFO  log:16 - ============clickOnSignInTest TEST END==================
2022-11-06 21:13:13 INFO  log:12 - ==========This verifyTitle testcase is failed deliberately for the thread:19 TEST START=================
2022-11-06 21:13:13 INFO  log:12 - ==========verifyLogo is falied deliberately for the thread: 19 TEST START=================
2022-11-06 21:13:19 INFO  log:23 - logging out of home page 
2022-11-06 21:13:22 INFO  log:23 - after sign-out of home page, the actual title is: Login - My Store
2022-11-06 21:13:34 INFO  log:23 - after sign-out of home page, the actual title is: Login - My Store
2022-11-06 21:13:37 ERROR log:35 - Home page is not displayed - Login is not successful!
2022-11-06 21:13:38 DEBUG cache:45 - Couldn't find template in cache for "v3html/v3-html-index.ftl"("en", UTF-8, parsed); will try to load it.
2022-11-06 21:13:38 DEBUG cache:45 - TemplateLoader.findTemplateSource("v3html/v3-html-index_en.ftl"): Not found
2022-11-06 21:13:38 DEBUG cache:45 - TemplateLoader.findTemplateSource("v3html/v3-html-index.ftl"): Found
2022-11-06 21:13:38 DEBUG cache:45 - Loading template for "v3html/v3-html-index.ftl"("en", UTF-8, parsed) from "jar:file:/C:/Users/Sri/.m2/repository/com/aventstack/extentreports/4.0.9/extentreports-4.0.9.jar!/com/aventstack/extentreports/view/v3html/v3-html-index.ftl"
2022-11-06 21:13:38 DEBUG cache:45 - Couldn't find template in cache for "v3html/v3-html-head.ftl"("en", UTF-8, parsed); will try to load it.
2022-11-06 21:13:38 DEBUG cache:45 - TemplateLoader.findTemplateSource("v3html/v3-html-head_en.ftl"): Not found
2022-11-06 21:13:38 DEBUG cache:45 - TemplateLoader.findTemplateSource("v3html/v3-html-head.ftl"): Found
2022-11-06 21:13:38 DEBUG cache:45 - Loading template for "v3html/v3-html-head.ftl"("en", UTF-8, parsed) from "jar:file:/C:/Users/Sri/.m2/repository/com/aventstack/extentreports/4.0.9/extentreports-4.0.9.jar!/com/aventstack/extentreports/view/v3html/v3-html-head.ftl"
2022-11-06 21:13:38 DEBUG cache:45 - Couldn't find template in cache for "v3html/v3-html-nav.ftl"("en", UTF-8, parsed); will try to load it.
2022-11-06 21:13:38 DEBUG cache:45 - TemplateLoader.findTemplateSource("v3html/v3-html-nav_en.ftl"): Not found
2022-11-06 21:13:38 DEBUG cache:45 - TemplateLoader.findTemplateSource("v3html/v3-html-nav.ftl"): Found
2022-11-06 21:13:38 DEBUG cache:45 - Loading template for "v3html/v3-html-nav.ftl"("en", UTF-8, parsed) from "jar:file:/C:/Users/Sri/.m2/repository/com/aventstack/extentreports/4.0.9/extentreports-4.0.9.jar!/com/aventstack/extentreports/view/v3html/v3-html-nav.ftl"
2022-11-06 21:13:38 DEBUG cache:45 - Couldn't find template in cache for "v3html/test-view/v3-html-test-view.ftl"("en", UTF-8, parsed); will try to load it.
2022-11-06 21:13:38 DEBUG cache:45 - TemplateLoader.findTemplateSource("v3html/test-view/v3-html-test-view_en.ftl"): Not found
2022-11-06 21:13:38 DEBUG cache:45 - TemplateLoader.findTemplateSource("v3html/test-view/v3-html-test-view.ftl"): Found
2022-11-06 21:13:38 DEBUG cache:45 - Loading template for "v3html/test-view/v3-html-test-view.ftl"("en", UTF-8, parsed) from "jar:file:/C:/Users/Sri/.m2/repository/com/aventstack/extentreports/4.0.9/extentreports-4.0.9.jar!/com/aventstack/extentreports/view/v3html/test-view/v3-html-test-view.ftl"
2022-11-06 21:13:38 DEBUG cache:45 - Couldn't find template in cache for "v3html/test-view/v3-html-test-view-charts.ftl"("en", UTF-8, parsed); will try to load it.
2022-11-06 21:13:38 DEBUG cache:45 - TemplateLoader.findTemplateSource("v3html/test-view/v3-html-test-view-charts_en.ftl"): Not found
2022-11-06 21:13:38 DEBUG cache:45 - TemplateLoader.findTemplateSource("v3html/test-view/v3-html-test-view-charts.ftl"): Found
2022-11-06 21:13:38 DEBUG cache:45 - Loading template for "v3html/test-view/v3-html-test-view-charts.ftl"("en", UTF-8, parsed) from "jar:file:/C:/Users/Sri/.m2/repository/com/aventstack/extentreports/4.0.9/extentreports-4.0.9.jar!/com/aventstack/extentreports/view/v3html/test-view/v3-html-test-view-charts.ftl"
2022-11-06 21:13:38 DEBUG cache:45 - Couldn't find template in cache for "v3html/test-view/v3-html-standard.ftl"("en", UTF-8, parsed); will try to load it.
2022-11-06 21:13:38 DEBUG cache:45 - TemplateLoader.findTemplateSource("v3html/test-view/v3-html-standard_en.ftl"): Not found
2022-11-06 21:13:38 DEBUG cache:45 - TemplateLoader.findTemplateSource("v3html/test-view/v3-html-standard.ftl"): Found
2022-11-06 21:13:38 DEBUG cache:45 - Loading template for "v3html/test-view/v3-html-standard.ftl"("en", UTF-8, parsed) from "jar:file:/C:/Users/Sri/.m2/repository/com/aventstack/extentreports/4.0.9/extentreports-4.0.9.jar!/com/aventstack/extentreports/view/v3html/test-view/v3-html-standard.ftl"
2022-11-06 21:13:38 DEBUG cache:45 - "v3html/test-view/v3-html-standard.ftl"("en", UTF-8, parsed) cached copy not yet stale; using cached.
2022-11-06 21:13:38 DEBUG cache:45 - "v3html/test-view/v3-html-standard.ftl"("en", UTF-8, parsed) cached copy not yet stale; using cached.
2022-11-06 21:13:38 DEBUG cache:45 - "v3html/test-view/v3-html-standard.ftl"("en", UTF-8, parsed) cached copy not yet stale; using cached.
2022-11-06 21:13:38 DEBUG cache:45 - "v3html/test-view/v3-html-standard.ftl"("en", UTF-8, parsed) cached copy not yet stale; using cached.
2022-11-06 21:13:38 DEBUG cache:45 - "v3html/test-view/v3-html-standard.ftl"("en", UTF-8, parsed) cached copy not yet stale; using cached.
2022-11-06 21:13:38 DEBUG cache:45 - "v3html/test-view/v3-html-standard.ftl"("en", UTF-8, parsed) cached copy not yet stale; using cached.
2022-11-06 21:13:38 DEBUG cache:45 - "v3html/test-view/v3-html-standard.ftl"("en", UTF-8, parsed) cached copy not yet stale; using cached.
2022-11-06 21:13:38 DEBUG cache:45 - Couldn't find template in cache for "v3html/category-view/v3-html-category-view.ftl"("en", UTF-8, parsed); will try to load it.
2022-11-06 21:13:38 DEBUG cache:45 - TemplateLoader.findTemplateSource("v3html/category-view/v3-html-category-view_en.ftl"): Not found
2022-11-06 21:13:38 DEBUG cache:45 - TemplateLoader.findTemplateSource("v3html/category-view/v3-html-category-view.ftl"): Found
2022-11-06 21:13:38 DEBUG cache:45 - Loading template for "v3html/category-view/v3-html-category-view.ftl"("en", UTF-8, parsed) from "jar:file:/C:/Users/Sri/.m2/repository/com/aventstack/extentreports/4.0.9/extentreports-4.0.9.jar!/com/aventstack/extentreports/view/v3html/category-view/v3-html-category-view.ftl"
2022-11-06 21:13:38 DEBUG cache:45 - Couldn't find template in cache for "v3html/exception-view/v3-html-exception-view.ftl"("en", UTF-8, parsed); will try to load it.
2022-11-06 21:13:38 DEBUG cache:45 - TemplateLoader.findTemplateSource("v3html/exception-view/v3-html-exception-view_en.ftl"): Not found
2022-11-06 21:13:38 DEBUG cache:45 - TemplateLoader.findTemplateSource("v3html/exception-view/v3-html-exception-view.ftl"): Found
2022-11-06 21:13:38 DEBUG cache:45 - Loading template for "v3html/exception-view/v3-html-exception-view.ftl"("en", UTF-8, parsed) from "jar:file:/C:/Users/Sri/.m2/repository/com/aventstack/extentreports/4.0.9/extentreports-4.0.9.jar!/com/aventstack/extentreports/view/v3html/exception-view/v3-html-exception-view.ftl"
2022-11-06 21:13:38 DEBUG cache:45 - Couldn't find template in cache for "v3html/author-view/v3-html-author-view.ftl"("en", UTF-8, parsed); will try to load it.
2022-11-06 21:13:38 DEBUG cache:45 - TemplateLoader.findTemplateSource("v3html/author-view/v3-html-author-view_en.ftl"): Not found
2022-11-06 21:13:38 DEBUG cache:45 - TemplateLoader.findTemplateSource("v3html/author-view/v3-html-author-view.ftl"): Found
2022-11-06 21:13:38 DEBUG cache:45 - Loading template for "v3html/author-view/v3-html-author-view.ftl"("en", UTF-8, parsed) from "jar:file:/C:/Users/Sri/.m2/repository/com/aventstack/extentreports/4.0.9/extentreports-4.0.9.jar!/com/aventstack/extentreports/view/v3html/author-view/v3-html-author-view.ftl"
2022-11-06 21:13:38 DEBUG cache:45 - Couldn't find template in cache for "v3html/dashboard-view/v3-html-dashboard-view.ftl"("en", UTF-8, parsed); will try to load it.
2022-11-06 21:13:38 DEBUG cache:45 - TemplateLoader.findTemplateSource("v3html/dashboard-view/v3-html-dashboard-view_en.ftl"): Not found
2022-11-06 21:13:38 DEBUG cache:45 - TemplateLoader.findTemplateSource("v3html/dashboard-view/v3-html-dashboard-view.ftl"): Found
2022-11-06 21:13:38 DEBUG cache:45 - Loading template for "v3html/dashboard-view/v3-html-dashboard-view.ftl"("en", UTF-8, parsed) from "jar:file:/C:/Users/Sri/.m2/repository/com/aventstack/extentreports/4.0.9/extentreports-4.0.9.jar!/com/aventstack/extentreports/view/v3html/dashboard-view/v3-html-dashboard-view.ftl"
2022-11-06 21:13:38 DEBUG cache:45 - Couldn't find template in cache for "v3html/logs-view/v3-html-testrunner-logs-view.ftl"("en", UTF-8, parsed); will try to load it.
2022-11-06 21:13:38 DEBUG cache:45 - TemplateLoader.findTemplateSource("v3html/logs-view/v3-html-testrunner-logs-view_en.ftl"): Not found
2022-11-06 21:13:38 DEBUG cache:45 - TemplateLoader.findTemplateSource("v3html/logs-view/v3-html-testrunner-logs-view.ftl"): Found
2022-11-06 21:13:38 DEBUG cache:45 - Loading template for "v3html/logs-view/v3-html-testrunner-logs-view.ftl"("en", UTF-8, parsed) from "jar:file:/C:/Users/Sri/.m2/repository/com/aventstack/extentreports/4.0.9/extentreports-4.0.9.jar!/com/aventstack/extentreports/view/v3html/logs-view/v3-html-testrunner-logs-view.ftl"
